[PreTest]
AP_692
AP_629
AP_889
AP_834
AP_865
AP_1016
AP_1023
PD_15
PD_09
PF_01
PL_12
PF_18
PD_05
PL_14
PF_08
PL_10
PF_16
PD_19
PL_07
PD_17
PL_04
PF_12

[Retention1]
AP_899
AP_796
AP_749
AP_868
PD_01
PL_15
PL_05
PF_09
PD_06
PF_19
PL_08
PD_12
PL_01
PF_14
PD_03
PF_20
PL_18
PD_18
PF_07
PL_16
PD_08
PF_10
PF_11
PD_14
PF_05
PD_11
PL_13
PL_02
PF_17
PD_10
PL_06
PF_03
PD_16
PL_19

[Retention2]
AP_1019
AP_845
AP_864
AP_761
PF_08
PL_09
PD_02
PL_11
PF_01
PD_15
PD_04
PF_12
PL_10
PF_16
PD_17
PF_04
PL_07
PL_04
PD_20
PF_15
PD_09
PF_02
PL_12
PD_07
PF_18
PL_20
PD_05
PF_13
PL_14
PF_06
PD_19
PL_17
PD_13
PL_03

[Retention3]
AP_749
AP_668
AP_868
AP_1015
PL_15
PD_11
PF_09
PD_03
PL_18
PF_14
PD_16
PF_17
PL_02
PF_11
PD_10
PL_19
PL_06
PD_18
PF_05
PD_12
PD_08
PL_13
PF_07
PL_08
PF_20
PD_01
PF_03
PL_05
PF_19
PD_14
PF_10
PL_16
PD_06
PL_01

[Retention4]
AP_761
AP_1019
AP_866
AP_843
PF_04
PL_07
PF_12
PD_04
PF_08
PL_12
PD_09
PF_16
PL_20
PF_02
PL_10
PF_15
PD_05
PL_11
PF_13
PD_19
PL_09
PL_03
PD_02
PF_06
PD_17
PL_04
PD_13
PL_17
PD_07
PD_20
PF_18
PL_14
PF_01
PD_15

[PostTest]
AP_1014
AP_862
AP_810
AP_833
PL_03
PD_04
PL_10
PF_02
PD_19
PF_18
PL_20
PD_05
PF_08
PL_11
PL_04
PF_12
PD_07
PF_15
PD_02
PF_01
PD_13
PL_17
PF_04
PL_14
PF_13
PD_15
PL_20
PF_16
PL_07
PF_06
PL_09
PD_09
PL_12
PD_17

[DinoTest]
dino8
PF01
PD02
PL01

