[VesicularPreTest]
AP_12
AP_76
AP_31
VD_PF04
VD_PF25
VD_PF35
VD_PF23
VD_PF31
VD_PF22
VD_PF05
VD_PF30
VD_PF13
VD_PF01
VD_PF27
VD_PF11
VD_PF10
VD_PF21
VD_PF17
VD_PF38
VD_PF34
VD_PF40


[VesicularPostTest]
AP_83
AP_72
AP_21
VD_PF14
VD_PF20
VD_PF19
VD_PF36
VD_PF26
VD_PF08
VD_PF33
VD_PF41
VD_PF06
VD_PF29
VD_PF37
VD_PF09
VD_PF15
VD_PF32
VD_PF24
VD_PF43
VD_PF02
VD_PF28


[NodularPreTest]
HA_1170
HA_1264
HA_1248
ND_PF22
ND_PF17
ND_PF31
ND_PF10
ND_PF27
ND_PF01
ND_PF04
ND_PF12
ND_PF25
ND_PF06
ND_PF14
ND_PF19
ND_PF16
ND_PF32
ND_PF30
ND_PF24
ND_PF07


[NodularPostTest]
HA_1243
HA_1211
HA_1234
ND_PF38
ND_PF05
ND_PF08
ND_PF13
ND_PF18
ND_PF23
ND_PF15
ND_PF03
ND_PF26
ND_PF36
ND_PF21
ND_PF28
ND_PF09
ND_PF11
ND_PF33
ND_PF02
ND_PF20


[DinoTest]
dino8
PF01
