ACRODERMATITIS_CHRONICA_ATROPHICANS
ACRODERMATITIS_ENTEROPATHICA
ACUTE_DISCOID_LUPUS_ERYTHEMATOSUS
CHONDRODERMATITIS_NODULARIS_HELICIS
DRUG_ERUPTION
ERYTHEMA_ANNULARE_CENTRIFUGUM
ERYTHEMA_FIGURATUM
ERYTHEMA_MIGRANS
GRANULOMA_ANNULARE
HARTNUP_DISEASE
INFLAMMATORY_LINEAR_VERRUCOUS_EPIDERMAL_NEVUS
INFUNDIBULOFOLLICULITIS
INTERSTITIAL_GRANULOMATOUS_DERMATITIS
KWASHIORKOR
LETTERER-SIWE_DISEASE
MORPHEA
NEWBORN_TOXIC_ERYTHEMA
NONBULLOUS_CONGENITAL_ICHTHYOSIFORM_ERYTHRODERMA
PEMPHIGOID_GESTATIONIS
PEMPHIGUS_VULGARIS
POSTINFLAMMATORY_PIGMENTARY_ALTERATION
PRURITIC_URTICARIAL_PAPULES_AND_PLAQUES_OF_PREGNANCY
SARCOIDOSIS
SCHAMBERGS_DISEASE
SEBORRHEIC_DERMATITIS
SECONDARY_SYPHILIS
TINEA_VERSICOLOR
TUMID_LUPUS_ERYTHEMATOSUS
URTICARIA
VIRAL_EXANTHEM
